2025-08-21 09:46:25,186 [INFO] åŠ è½½æ¨¡å‹æˆåŠŸ: models\trunk_score_model.pkl
2025-08-21 09:46:25,194 [INFO] åŠ è½½æ¨¡å‹æˆåŠŸ: models\hip_score_model.pkl
2025-08-21 09:46:25,201 [INFO] åŠ è½½æ¨¡å‹æˆåŠŸ: models\knee_score_model.pkl
2025-08-21 09:46:25,204 [INFO] é¢„å¤„ç†å·¥å…·åŠ è½½å®Œæˆï¼ˆscaler, label_encoder, feature_columnsï¼‰
2025-08-21 09:46:25,206 [INFO] åŠ¨ä½œæ‰“åˆ†æœåŠ¡å·²å¯åŠ¨
2025-08-21 09:46:25,206 [INFO] åŠ è½½çš„æ¨¡å‹: ['trunk_score', 'hip_score', 'knee_score']
2025-08-21 09:46:25,206 [INFO] æ€»åˆ†æ•°å°†é€šè¿‡å„éƒ¨åˆ†åˆ†æ•°æ±‚å’Œè®¡ç®—
2025-08-21 09:46:25,223 [INFO] [31m[1mWARNING: This is a development server. Do not use it in a production deployment. Use a production WSGI server instead.[0m
 * Running on all addresses (0.0.0.0)
 * Running on http://127.0.0.1:5000
 * Running on http://192.168.2.100:5000
2025-08-21 09:46:25,223 [INFO] [33mPress CTRL+C to quit[0m
2025-08-21 09:51:01,852 [INFO] æ”¶åˆ°è§†é¢‘æ–‡ä»¶: test_20.mp4, ä¿å­˜ä¸ºä¸´æ—¶æ–‡ä»¶: C:\Users\JSZN\AppData\Local\Temp\tmpmq0ktoxd.mp4
2025-08-21 09:51:01,853 [INFO] å¼€å§‹å¤„ç†è§†é¢‘: C:\Users\JSZN\AppData\Local\Temp\tmpmq0ktoxd.mp4
2025-08-21 09:51:13,651 [INFO] å¤„ç†äº† 132 å¸§
2025-08-21 09:51:13,662 [INFO] èµ·ç‚¹åˆ†æ•°: {'trunk_score': 22, 'hip_score': 32, 'knee_score': 30, 'total_score': 84}
2025-08-21 09:51:13,662 [INFO] ç»ˆç‚¹åˆ†æ•°: {'trunk_score': 12, 'hip_score': 32, 'knee_score': 1, 'total_score': 45}
2025-08-21 09:51:13,662 [INFO] èµ·ç‚¹è§’åº¦ - èº¯å¹²: 8.85, é«‹: 179.92, è†: 173.13
2025-08-21 09:51:13,663 [INFO] ç»ˆç‚¹è§’åº¦ - èº¯å¹²: 18.95, é«‹: 48.69, è†: 52.72
2025-08-21 09:51:13,664 [INFO] æœ€ç»ˆè¿”å›ç»“æœ: {'start': {'trunk_score': 22, 'hip_score': 32, 'knee_score': 30, 'total_score': 84}, 'end': {'trunk_score': 12, 'hip_score': 32, 'knee_score': 1, 'total_score': 45}}
2025-08-21 09:51:13,665 [INFO] 192.168.2.124 - - [21/Aug/2025 09:51:13] "POST /analyze_pose HTTP/1.1" 200 -
2025-08-21 09:55:27,786 [INFO] æ”¶åˆ°è§†é¢‘æ–‡ä»¶: test_20.mp4, ä¿å­˜ä¸ºä¸´æ—¶æ–‡ä»¶: C:\Users\JSZN\AppData\Local\Temp\tmplqgsevjz.mp4
2025-08-21 09:55:27,786 [INFO] å¼€å§‹å¤„ç†è§†é¢‘: C:\Users\JSZN\AppData\Local\Temp\tmplqgsevjz.mp4
2025-08-21 09:55:39,338 [INFO] å¤„ç†äº† 132 å¸§
2025-08-21 09:55:39,345 [INFO] èµ·ç‚¹åˆ†æ•°: {'trunk_score': 28, 'hip_score': 32, 'knee_score': 30, 'total_score': 90}
2025-08-21 09:55:39,345 [INFO] ç»ˆç‚¹åˆ†æ•°: {'trunk_score': 12, 'hip_score': 32, 'knee_score': 1, 'total_score': 45}
2025-08-21 09:55:39,345 [INFO] èµ·ç‚¹è§’åº¦ - èº¯å¹²: 1.63, é«‹: 179.97, è†: 171.66
2025-08-21 09:55:39,346 [INFO] ç»ˆç‚¹è§’åº¦ - èº¯å¹²: 18.75, é«‹: 48.98, è†: 52.09
2025-08-21 09:55:39,347 [INFO] æœ€ç»ˆè¿”å›ç»“æœ: {'start': {'trunk_score': 28, 'hip_score': 32, 'knee_score': 30, 'total_score': 90}, 'end': {'trunk_score': 12, 'hip_score': 32, 'knee_score': 1, 'total_score': 45}}
2025-08-21 09:55:39,348 [INFO] 192.168.2.124 - - [21/Aug/2025 09:55:39] "POST /analyze_pose HTTP/1.1" 200 -
2025-08-21 10:00:18,199 [INFO] æ”¶åˆ°è§†é¢‘æ–‡ä»¶: test_20.mp4, ä¿å­˜ä¸ºä¸´æ—¶æ–‡ä»¶: C:\Users\JSZN\AppData\Local\Temp\tmpk6yjoiiq.mp4
2025-08-21 10:00:18,199 [INFO] å¼€å§‹å¤„ç†è§†é¢‘: C:\Users\JSZN\AppData\Local\Temp\tmpk6yjoiiq.mp4
2025-08-21 10:00:29,736 [INFO] å¤„ç†äº† 132 å¸§
2025-08-21 10:00:29,743 [INFO] èµ·ç‚¹åˆ†æ•°: {'trunk_score': 28, 'hip_score': 32, 'knee_score': 30, 'total_score': 90}
2025-08-21 10:00:29,744 [INFO] ç»ˆç‚¹åˆ†æ•°: {'trunk_score': 12, 'hip_score': 32, 'knee_score': 1, 'total_score': 45}
2025-08-21 10:00:29,744 [INFO] èµ·ç‚¹è§’åº¦ - èº¯å¹²: 1.57, é«‹: 179.94, è†: 171.5
2025-08-21 10:00:29,744 [INFO] ç»ˆç‚¹è§’åº¦ - èº¯å¹²: 18.89, é«‹: 48.56, è†: 51.13
2025-08-21 10:00:29,745 [INFO] æœ€ç»ˆè¿”å›ç»“æœ: {'start': {'trunk_score': 28, 'hip_score': 32, 'knee_score': 30, 'total_score': 90}, 'end': {'trunk_score': 12, 'hip_score': 32, 'knee_score': 1, 'total_score': 45}}
2025-08-21 10:00:29,746 [INFO] 192.168.2.124 - - [21/Aug/2025 10:00:29] "POST /analyze_pose HTTP/1.1" 200 -
2025-08-21 10:00:50,293 [INFO] æ”¶åˆ°è§†é¢‘æ–‡ä»¶: test_20.mp4, ä¿å­˜ä¸ºä¸´æ—¶æ–‡ä»¶: C:\Users\JSZN\AppData\Local\Temp\tmpv7a444bz.mp4
2025-08-21 10:00:50,294 [INFO] å¼€å§‹å¤„ç†è§†é¢‘: C:\Users\JSZN\AppData\Local\Temp\tmpv7a444bz.mp4
2025-08-21 10:01:01,834 [INFO] å¤„ç†äº† 132 å¸§
2025-08-21 10:01:01,841 [INFO] èµ·ç‚¹åˆ†æ•°: {'trunk_score': 26, 'hip_score': 32, 'knee_score': 30, 'total_score': 88}
2025-08-21 10:01:01,842 [INFO] ç»ˆç‚¹åˆ†æ•°: {'trunk_score': 11, 'hip_score': 32, 'knee_score': 1, 'total_score': 44}
2025-08-21 10:01:01,842 [INFO] èµ·ç‚¹è§’åº¦ - èº¯å¹²: 3.8, é«‹: 179.98, è†: 176.45
2025-08-21 10:01:01,842 [INFO] ç»ˆç‚¹è§’åº¦ - èº¯å¹²: 19.01, é«‹: 48.85, è†: 51.76
2025-08-21 10:01:01,844 [INFO] æœ€ç»ˆè¿”å›ç»“æœ: {'start': {'trunk_score': 26, 'hip_score': 32, 'knee_score': 30, 'total_score': 88}, 'end': {'trunk_score': 11, 'hip_score': 32, 'knee_score': 1, 'total_score': 44}}
2025-08-21 10:01:01,845 [INFO] 192.168.2.124 - - [21/Aug/2025 10:01:01] "POST /analyze_pose HTTP/1.1" 200 -
2025-08-21 10:02:56,529 [INFO] æ”¶åˆ°è§†é¢‘æ–‡ä»¶: test_20.mp4, ä¿å­˜ä¸ºä¸´æ—¶æ–‡ä»¶: C:\Users\JSZN\AppData\Local\Temp\tmps2_ju3bc.mp4
2025-08-21 10:02:56,529 [INFO] å¼€å§‹å¤„ç†è§†é¢‘: C:\Users\JSZN\AppData\Local\Temp\tmps2_ju3bc.mp4
2025-08-21 10:03:08,097 [INFO] å¤„ç†äº† 132 å¸§
2025-08-21 10:03:08,105 [INFO] èµ·ç‚¹åˆ†æ•°: {'trunk_score': 26, 'hip_score': 32, 'knee_score': 30, 'total_score': 88}
2025-08-21 10:03:08,105 [INFO] ç»ˆç‚¹åˆ†æ•°: {'trunk_score': 12, 'hip_score': 32, 'knee_score': 1, 'total_score': 45}
2025-08-21 10:03:08,106 [INFO] èµ·ç‚¹è§’åº¦ - èº¯å¹²: 3.3, é«‹: 179.96, è†: 176.87
2025-08-21 10:03:08,106 [INFO] ç»ˆç‚¹è§’åº¦ - èº¯å¹²: 18.87, é«‹: 48.71, è†: 51.0
2025-08-21 10:03:08,107 [INFO] æœ€ç»ˆè¿”å›ç»“æœ: {'start': {'trunk_score': 26, 'hip_score': 32, 'knee_score': 30, 'total_score': 88}, 'end': {'trunk_score': 12, 'hip_score': 32, 'knee_score': 1, 'total_score': 45}}
2025-08-21 10:03:08,108 [INFO] 192.168.2.124 - - [21/Aug/2025 10:03:08] "POST /analyze_pose HTTP/1.1" 200 -
2025-08-21 10:04:10,840 [INFO] æ”¶åˆ°è§†é¢‘æ–‡ä»¶: test_20.mp4, ä¿å­˜ä¸ºä¸´æ—¶æ–‡ä»¶: C:\Users\JSZN\AppData\Local\Temp\tmp1q1pg0y3.mp4
2025-08-21 10:04:10,840 [INFO] å¼€å§‹å¤„ç†è§†é¢‘: C:\Users\JSZN\AppData\Local\Temp\tmp1q1pg0y3.mp4
2025-08-21 10:04:22,363 [INFO] å¤„ç†äº† 132 å¸§
2025-08-21 10:04:22,371 [INFO] èµ·ç‚¹åˆ†æ•°: {'trunk_score': 26, 'hip_score': 32, 'knee_score': 30, 'total_score': 88}
2025-08-21 10:04:22,371 [INFO] ç»ˆç‚¹åˆ†æ•°: {'trunk_score': 12, 'hip_score': 32, 'knee_score': 1, 'total_score': 45}
2025-08-21 10:04:22,371 [INFO] èµ·ç‚¹è§’åº¦ - èº¯å¹²: 3.94, é«‹: 179.93, è†: 176.76
2025-08-21 10:04:22,372 [INFO] ç»ˆç‚¹è§’åº¦ - èº¯å¹²: 18.75, é«‹: 48.88, è†: 52.08
2025-08-21 10:04:22,373 [INFO] æœ€ç»ˆè¿”å›ç»“æœ: {'start': {'trunk_score': 26, 'hip_score': 32, 'knee_score': 30, 'total_score': 88}, 'end': {'trunk_score': 12, 'hip_score': 32, 'knee_score': 1, 'total_score': 45}}
2025-08-21 10:04:22,374 [INFO] 192.168.2.124 - - [21/Aug/2025 10:04:22] "POST /analyze_pose HTTP/1.1" 200 -
2025-08-21 10:05:43,908 [INFO] æ”¶åˆ°è§†é¢‘æ–‡ä»¶: test_20.mp4, ä¿å­˜ä¸ºä¸´æ—¶æ–‡ä»¶: C:\Users\JSZN\AppData\Local\Temp\tmp8_hx_776.mp4
2025-08-21 10:05:43,909 [INFO] å¼€å§‹å¤„ç†è§†é¢‘: C:\Users\JSZN\AppData\Local\Temp\tmp8_hx_776.mp4
2025-08-21 10:05:55,431 [INFO] å¤„ç†äº† 132 å¸§
2025-08-21 10:05:55,438 [INFO] èµ·ç‚¹åˆ†æ•°: {'trunk_score': 28, 'hip_score': 32, 'knee_score': 30, 'total_score': 90}
2025-08-21 10:05:55,438 [INFO] ç»ˆç‚¹åˆ†æ•°: {'trunk_score': 11, 'hip_score': 32, 'knee_score': 1, 'total_score': 44}
2025-08-21 10:05:55,439 [INFO] èµ·ç‚¹è§’åº¦ - èº¯å¹²: 1.6, é«‹: 179.92, è†: 171.63
2025-08-21 10:05:55,439 [INFO] ç»ˆç‚¹è§’åº¦ - èº¯å¹²: 19.17, é«‹: 48.54, è†: 51.61
2025-08-21 10:05:55,440 [INFO] æœ€ç»ˆè¿”å›ç»“æœ: {'start': {'trunk_score': 28, 'hip_score': 32, 'knee_score': 30, 'total_score': 90}, 'end': {'trunk_score': 11, 'hip_score': 32, 'knee_score': 1, 'total_score': 44}}
2025-08-21 10:05:55,441 [INFO] 192.168.2.124 - - [21/Aug/2025 10:05:55] "POST /analyze_pose HTTP/1.1" 200 -
