2025-08-19 08:49:21,827 [INFO] åŠ è½½æ¨¡å‹æˆåŠŸ: models\trunk_score_model.pkl
2025-08-19 08:49:21,834 [INFO] åŠ è½½æ¨¡å‹æˆåŠŸ: models\hip_score_model.pkl
2025-08-19 08:49:21,841 [INFO] åŠ è½½æ¨¡å‹æˆåŠŸ: models\knee_score_model.pkl
2025-08-19 08:49:21,843 [INFO] é¢„å¤„ç†å·¥å…·åŠ è½½å®Œæˆï¼ˆscaler, label_encoder, feature_columnsï¼‰
2025-08-19 08:49:21,845 [INFO] åŠ¨ä½œæ‰“åˆ†æœåŠ¡å·²å¯åŠ¨
2025-08-19 08:49:21,845 [INFO] åŠ è½½çš„æ¨¡å‹: ['trunk_score', 'hip_score', 'knee_score']
2025-08-19 08:49:21,845 [INFO] æ€»åˆ†æ•°å°†é€šè¿‡å„éƒ¨åˆ†åˆ†æ•°æ±‚å’Œè®¡ç®—
2025-08-19 08:49:21,860 [INFO] [31m[1mWARNING: This is a development server. Do not use it in a production deployment. Use a production WSGI server instead.[0m
 * Running on all addresses (0.0.0.0)
 * Running on http://127.0.0.1:5000
 * Running on http://192.168.2.100:5000
2025-08-19 08:49:21,861 [INFO] [33mPress CTRL+C to quit[0m
2025-08-19 08:49:31,688 [INFO] æ”¶åˆ°è§†é¢‘æ–‡ä»¶: test_04.mp4, ä¿å­˜ä¸ºä¸´æ—¶æ–‡ä»¶: C:\Users\JSZN\AppData\Local\Temp\tmpezjoismz.mp4
2025-08-19 08:49:31,689 [INFO] å¼€å§‹å¤„ç†è§†é¢‘: C:\Users\JSZN\AppData\Local\Temp\tmpezjoismz.mp4
2025-08-19 08:50:13,247 [INFO] å¤„ç†äº† 463 å¸§
2025-08-19 08:50:13,259 [INFO] èµ·ç‚¹åˆ†æ•°: {'trunk_score': 26, 'hip_score': 32, 'knee_score': 28, 'total_score': 86}
2025-08-19 08:50:13,259 [INFO] ç»ˆç‚¹åˆ†æ•°: {'trunk_score': 1, 'hip_score': 40, 'knee_score': 24, 'total_score': 65}
2025-08-19 08:50:13,260 [INFO] èµ·ç‚¹è§’åº¦ - èº¯å¹²: 4.32, é«‹: 179.9, è†: 163.84
2025-08-19 08:50:13,260 [INFO] ç»ˆç‚¹è§’åº¦ - èº¯å¹²: 37.52, é«‹: 35.14, è†: 152.82
2025-08-19 08:50:13,262 [INFO] æœ€ç»ˆè¿”å›ç»“æœ: {'start': {'trunk_score': 26, 'hip_score': 32, 'knee_score': 28, 'total_score': 86}, 'end': {'trunk_score': 1, 'hip_score': 40, 'knee_score': 24, 'total_score': 65}}
2025-08-19 08:50:13,263 [INFO] 192.168.2.100 - - [19/Aug/2025 08:50:13] "POST /analyze_pose HTTP/1.1" 200 -
2025-08-19 09:08:20,388 [INFO] æ”¶åˆ°è§†é¢‘æ–‡ä»¶: test_01.mp4, ä¿å­˜ä¸ºä¸´æ—¶æ–‡ä»¶: C:\Users\JSZN\AppData\Local\Temp\tmp9tnao78g.mp4
2025-08-19 09:08:20,389 [INFO] å¼€å§‹å¤„ç†è§†é¢‘: C:\Users\JSZN\AppData\Local\Temp\tmp9tnao78g.mp4
2025-08-19 09:08:47,922 [INFO] å¤„ç†äº† 313 å¸§
2025-08-19 09:08:47,930 [INFO] èµ·ç‚¹åˆ†æ•°: {'trunk_score': 29, 'hip_score': 32, 'knee_score': 30, 'total_score': 91}
2025-08-19 09:08:47,930 [INFO] ç»ˆç‚¹åˆ†æ•°: {'trunk_score': 23, 'hip_score': 4, 'knee_score': 22, 'total_score': 49}
2025-08-19 09:08:47,930 [INFO] èµ·ç‚¹è§’åº¦ - èº¯å¹²: 0.79, é«‹: 179.38, è†: 178.13
2025-08-19 09:08:47,931 [INFO] ç»ˆç‚¹è§’åº¦ - èº¯å¹²: 7.76, é«‹: 73.09, è†: 151.2
2025-08-19 09:08:47,932 [INFO] æœ€ç»ˆè¿”å›ç»“æœ: {'start': {'trunk_score': 29, 'hip_score': 32, 'knee_score': 30, 'total_score': 91}, 'end': {'trunk_score': 23, 'hip_score': 4, 'knee_score': 22, 'total_score': 49}}
2025-08-19 09:08:47,933 [INFO] 192.168.2.100 - - [19/Aug/2025 09:08:47] "POST /analyze_pose HTTP/1.1" 200 -
2025-08-19 09:09:28,313 [INFO] æ”¶åˆ°è§†é¢‘æ–‡ä»¶: test_02.mp4, ä¿å­˜ä¸ºä¸´æ—¶æ–‡ä»¶: C:\Users\JSZN\AppData\Local\Temp\tmpo3jh73c6.mp4
2025-08-19 09:09:28,313 [INFO] å¼€å§‹å¤„ç†è§†é¢‘: C:\Users\JSZN\AppData\Local\Temp\tmpo3jh73c6.mp4
2025-08-19 09:09:53,602 [INFO] å¤„ç†äº† 286 å¸§
2025-08-19 09:09:53,610 [INFO] èµ·ç‚¹åˆ†æ•°: {'trunk_score': 26, 'hip_score': 34, 'knee_score': 18, 'total_score': 78}
2025-08-19 09:09:53,610 [INFO] ç»ˆç‚¹åˆ†æ•°: {'trunk_score': 1, 'hip_score': 40, 'knee_score': 1, 'total_score': 42}
2025-08-19 09:09:53,610 [INFO] èµ·ç‚¹è§’åº¦ - èº¯å¹²: 3.66, é«‹: 179.78, è†: 149.46
2025-08-19 09:09:53,611 [INFO] ç»ˆç‚¹è§’åº¦ - èº¯å¹²: 47.39, é«‹: 13.58, è†: 122.72
2025-08-19 09:09:53,612 [INFO] æœ€ç»ˆè¿”å›ç»“æœ: {'start': {'trunk_score': 26, 'hip_score': 34, 'knee_score': 18, 'total_score': 78}, 'end': {'trunk_score': 1, 'hip_score': 40, 'knee_score': 1, 'total_score': 42}}
2025-08-19 09:09:53,613 [INFO] 192.168.2.100 - - [19/Aug/2025 09:09:53] "POST /analyze_pose HTTP/1.1" 200 -
2025-08-19 09:11:33,990 [INFO] æ”¶åˆ°è§†é¢‘æ–‡ä»¶: test_03.mp4, ä¿å­˜ä¸ºä¸´æ—¶æ–‡ä»¶: C:\Users\JSZN\AppData\Local\Temp\tmp43i9hjmw.mp4
2025-08-19 09:11:33,990 [INFO] å¼€å§‹å¤„ç†è§†é¢‘: C:\Users\JSZN\AppData\Local\Temp\tmp43i9hjmw.mp4
2025-08-19 09:12:08,859 [INFO] å¤„ç†äº† 399 å¸§
2025-08-19 09:12:08,867 [INFO] èµ·ç‚¹åˆ†æ•°: {'trunk_score': 22, 'hip_score': 32, 'knee_score': 30, 'total_score': 84}
2025-08-19 09:12:08,867 [INFO] ç»ˆç‚¹åˆ†æ•°: {'trunk_score': 15, 'hip_score': 12, 'knee_score': 1, 'total_score': 28}
2025-08-19 09:12:08,867 [INFO] èµ·ç‚¹è§’åº¦ - èº¯å¹²: 7.46, é«‹: 179.98, è†: 179.14
2025-08-19 09:12:08,867 [INFO] ç»ˆç‚¹è§’åº¦ - èº¯å¹²: 14.79, é«‹: 56.11, è†: 108.68
2025-08-19 09:12:08,868 [INFO] æœ€ç»ˆè¿”å›ç»“æœ: {'start': {'trunk_score': 22, 'hip_score': 32, 'knee_score': 30, 'total_score': 84}, 'end': {'trunk_score': 15, 'hip_score': 12, 'knee_score': 1, 'total_score': 28}}
2025-08-19 09:12:08,869 [INFO] 192.168.2.100 - - [19/Aug/2025 09:12:08] "POST /analyze_pose HTTP/1.1" 200 -
2025-08-19 09:18:34,414 [INFO] æ”¶åˆ°è§†é¢‘æ–‡ä»¶: test_05.mp4, ä¿å­˜ä¸ºä¸´æ—¶æ–‡ä»¶: C:\Users\JSZN\AppData\Local\Temp\tmp202975nn.mp4
2025-08-19 09:18:34,415 [INFO] å¼€å§‹å¤„ç†è§†é¢‘: C:\Users\JSZN\AppData\Local\Temp\tmp202975nn.mp4
2025-08-19 09:20:37,206 [INFO] å¤„ç†äº† 1418 å¸§
2025-08-19 09:20:37,213 [INFO] èµ·ç‚¹åˆ†æ•°: {'trunk_score': 22, 'hip_score': 32, 'knee_score': 28, 'total_score': 82}
2025-08-19 09:20:37,214 [INFO] ç»ˆç‚¹åˆ†æ•°: {'trunk_score': 20, 'hip_score': 40, 'knee_score': 1, 'total_score': 61}
2025-08-19 09:20:37,214 [INFO] èµ·ç‚¹è§’åº¦ - èº¯å¹²: 7.22, é«‹: 179.99, è†: 164.65
2025-08-19 09:20:37,214 [INFO] ç»ˆç‚¹è§’åº¦ - èº¯å¹²: 10.38, é«‹: 36.25, è†: 59.21
2025-08-19 09:20:37,216 [INFO] æœ€ç»ˆè¿”å›ç»“æœ: {'start': {'trunk_score': 22, 'hip_score': 32, 'knee_score': 28, 'total_score': 82}, 'end': {'trunk_score': 20, 'hip_score': 40, 'knee_score': 1, 'total_score': 61}}
2025-08-19 09:20:37,218 [INFO] 192.168.2.100 - - [19/Aug/2025 09:20:37] "POST /analyze_pose HTTP/1.1" 200 -
2025-08-19 09:22:16,117 [INFO] æ”¶åˆ°è§†é¢‘æ–‡ä»¶: test_06.mp4, ä¿å­˜ä¸ºä¸´æ—¶æ–‡ä»¶: C:\Users\JSZN\AppData\Local\Temp\tmp3hl6phke.mp4
2025-08-19 09:22:16,117 [INFO] å¼€å§‹å¤„ç†è§†é¢‘: C:\Users\JSZN\AppData\Local\Temp\tmp3hl6phke.mp4
2025-08-19 09:22:44,120 [INFO] å¤„ç†äº† 321 å¸§
2025-08-19 09:22:44,127 [INFO] èµ·ç‚¹åˆ†æ•°: {'trunk_score': 30, 'hip_score': 32, 'knee_score': 30, 'total_score': 92}
2025-08-19 09:22:44,127 [INFO] ç»ˆç‚¹åˆ†æ•°: {'trunk_score': 12, 'hip_score': 15, 'knee_score': 1, 'total_score': 28}
2025-08-19 09:22:44,128 [INFO] èµ·ç‚¹è§’åº¦ - èº¯å¹²: 0.45, é«‹: 152.11, è†: 179.19
2025-08-19 09:22:44,128 [INFO] ç»ˆç‚¹è§’åº¦ - èº¯å¹²: 17.61, é«‹: 42.58, è†: 128.06
2025-08-19 09:22:44,129 [INFO] æœ€ç»ˆè¿”å›ç»“æœ: {'start': {'trunk_score': 30, 'hip_score': 32, 'knee_score': 30, 'total_score': 92}, 'end': {'trunk_score': 12, 'hip_score': 15, 'knee_score': 1, 'total_score': 28}}
2025-08-19 09:22:44,130 [INFO] 192.168.2.100 - - [19/Aug/2025 09:22:44] "POST /analyze_pose HTTP/1.1" 200 -
2025-08-19 09:23:06,428 [INFO] æ”¶åˆ°è§†é¢‘æ–‡ä»¶: test_07.mp4, ä¿å­˜ä¸ºä¸´æ—¶æ–‡ä»¶: C:\Users\JSZN\AppData\Local\Temp\tmpv5iy5_dj.mp4
2025-08-19 09:23:06,429 [INFO] å¼€å§‹å¤„ç†è§†é¢‘: C:\Users\JSZN\AppData\Local\Temp\tmpv5iy5_dj.mp4
2025-08-19 09:23:35,131 [INFO] å¤„ç†äº† 328 å¸§
2025-08-19 09:23:35,138 [INFO] èµ·ç‚¹åˆ†æ•°: {'trunk_score': 26, 'hip_score': 34, 'knee_score': 4, 'total_score': 64}
2025-08-19 09:23:35,139 [INFO] ç»ˆç‚¹åˆ†æ•°: {'trunk_score': 1, 'hip_score': 39, 'knee_score': 1, 'total_score': 41}
2025-08-19 09:23:35,139 [INFO] èµ·ç‚¹è§’åº¦ - èº¯å¹²: 4.08, é«‹: 179.91, è†: 132.94
2025-08-19 09:23:35,139 [INFO] ç»ˆç‚¹è§’åº¦ - èº¯å¹²: 29.37, é«‹: 38.24, è†: 128.67
2025-08-19 09:23:35,141 [INFO] æœ€ç»ˆè¿”å›ç»“æœ: {'start': {'trunk_score': 26, 'hip_score': 34, 'knee_score': 4, 'total_score': 64}, 'end': {'trunk_score': 1, 'hip_score': 39, 'knee_score': 1, 'total_score': 41}}
2025-08-19 09:23:35,141 [INFO] 192.168.2.100 - - [19/Aug/2025 09:23:35] "POST /analyze_pose HTTP/1.1" 200 -
2025-08-19 09:23:52,463 [INFO] æ”¶åˆ°è§†é¢‘æ–‡ä»¶: test_08.mp4, ä¿å­˜ä¸ºä¸´æ—¶æ–‡ä»¶: C:\Users\JSZN\AppData\Local\Temp\tmpwej39tmj.mp4
2025-08-19 09:23:52,463 [INFO] å¼€å§‹å¤„ç†è§†é¢‘: C:\Users\JSZN\AppData\Local\Temp\tmpwej39tmj.mp4
2025-08-19 09:24:12,491 [INFO] å¤„ç†äº† 229 å¸§
2025-08-19 09:24:12,499 [INFO] èµ·ç‚¹åˆ†æ•°: {'trunk_score': 22, 'hip_score': 32, 'knee_score': 30, 'total_score': 84}
2025-08-19 09:24:12,499 [INFO] ç»ˆç‚¹åˆ†æ•°: {'trunk_score': 7, 'hip_score': 27, 'knee_score': 1, 'total_score': 35}
2025-08-19 09:24:12,499 [INFO] èµ·ç‚¹è§’åº¦ - èº¯å¹²: 7.18, é«‹: 179.9, è†: 178.9
2025-08-19 09:24:12,500 [INFO] ç»ˆç‚¹è§’åº¦ - èº¯å¹²: 23.36, é«‹: 53.5, è†: 94.6
2025-08-19 09:24:12,501 [INFO] æœ€ç»ˆè¿”å›ç»“æœ: {'start': {'trunk_score': 22, 'hip_score': 32, 'knee_score': 30, 'total_score': 84}, 'end': {'trunk_score': 7, 'hip_score': 27, 'knee_score': 1, 'total_score': 35}}
2025-08-19 09:24:12,502 [INFO] 192.168.2.100 - - [19/Aug/2025 09:24:12] "POST /analyze_pose HTTP/1.1" 200 -
2025-08-19 09:24:36,589 [INFO] æ”¶åˆ°è§†é¢‘æ–‡ä»¶: test_09.mp4, ä¿å­˜ä¸ºä¸´æ—¶æ–‡ä»¶: C:\Users\JSZN\AppData\Local\Temp\tmp2p1c9fqz.mp4
2025-08-19 09:24:36,589 [INFO] å¼€å§‹å¤„ç†è§†é¢‘: C:\Users\JSZN\AppData\Local\Temp\tmp2p1c9fqz.mp4
2025-08-19 09:24:56,137 [INFO] å¤„ç†äº† 222 å¸§
2025-08-19 09:24:56,144 [INFO] èµ·ç‚¹åˆ†æ•°: {'trunk_score': 24, 'hip_score': 32, 'knee_score': 28, 'total_score': 84}
2025-08-19 09:24:56,145 [INFO] ç»ˆç‚¹åˆ†æ•°: {'trunk_score': 15, 'hip_score': 1, 'knee_score': 27, 'total_score': 43}
2025-08-19 09:24:56,145 [INFO] èµ·ç‚¹è§’åº¦ - èº¯å¹²: 5.23, é«‹: 179.93, è†: 169.61
2025-08-19 09:24:56,145 [INFO] ç»ˆç‚¹è§’åº¦ - èº¯å¹²: 15.29, é«‹: 81.75, è†: 163.43
2025-08-19 09:24:56,146 [INFO] æœ€ç»ˆè¿”å›ç»“æœ: {'start': {'trunk_score': 24, 'hip_score': 32, 'knee_score': 28, 'total_score': 84}, 'end': {'trunk_score': 15, 'hip_score': 1, 'knee_score': 27, 'total_score': 43}}
2025-08-19 09:24:56,148 [INFO] 192.168.2.100 - - [19/Aug/2025 09:24:56] "POST /analyze_pose HTTP/1.1" 200 -
2025-08-19 09:25:53,307 [INFO] æ”¶åˆ°è§†é¢‘æ–‡ä»¶: test_10.mp4, ä¿å­˜ä¸ºä¸´æ—¶æ–‡ä»¶: C:\Users\JSZN\AppData\Local\Temp\tmpz9iil4u8.mp4
2025-08-19 09:25:53,307 [INFO] å¼€å§‹å¤„ç†è§†é¢‘: C:\Users\JSZN\AppData\Local\Temp\tmpz9iil4u8.mp4
2025-08-19 09:26:13,036 [INFO] å¤„ç†äº† 225 å¸§
2025-08-19 09:26:13,043 [INFO] èµ·ç‚¹åˆ†æ•°: {'trunk_score': 29, 'hip_score': 32, 'knee_score': 30, 'total_score': 91}
2025-08-19 09:26:13,044 [INFO] ç»ˆç‚¹åˆ†æ•°: {'trunk_score': 21, 'hip_score': 8, 'knee_score': 1, 'total_score': 30}
2025-08-19 09:26:13,044 [INFO] èµ·ç‚¹è§’åº¦ - èº¯å¹²: 0.35, é«‹: 179.8, è†: 175.05
2025-08-19 09:26:13,044 [INFO] ç»ˆç‚¹è§’åº¦ - èº¯å¹²: 8.4, é«‹: 53.55, è†: 106.39
2025-08-19 09:26:13,045 [INFO] æœ€ç»ˆè¿”å›ç»“æœ: {'start': {'trunk_score': 29, 'hip_score': 32, 'knee_score': 30, 'total_score': 91}, 'end': {'trunk_score': 21, 'hip_score': 8, 'knee_score': 1, 'total_score': 30}}
2025-08-19 09:26:13,047 [INFO] 192.168.2.100 - - [19/Aug/2025 09:26:13] "POST /analyze_pose HTTP/1.1" 200 -
2025-08-19 09:31:17,666 [INFO] æ”¶åˆ°è§†é¢‘æ–‡ä»¶: test_11.mp4, ä¿å­˜ä¸ºä¸´æ—¶æ–‡ä»¶: C:\Users\JSZN\AppData\Local\Temp\tmp0hic7yc1.mp4
2025-08-19 09:31:17,666 [INFO] å¼€å§‹å¤„ç†è§†é¢‘: C:\Users\JSZN\AppData\Local\Temp\tmp0hic7yc1.mp4
2025-08-19 09:31:31,723 [INFO] å¤„ç†äº† 161 å¸§
2025-08-19 09:31:31,731 [INFO] èµ·ç‚¹åˆ†æ•°: {'trunk_score': 29, 'hip_score': 36, 'knee_score': 30, 'total_score': 95}
2025-08-19 09:31:31,731 [INFO] ç»ˆç‚¹åˆ†æ•°: {'trunk_score': 25, 'hip_score': 1, 'knee_score': 27, 'total_score': 53}
2025-08-19 09:31:31,731 [INFO] èµ·ç‚¹è§’åº¦ - èº¯å¹²: 1.71, é«‹: 156.21, è†: 163.08
2025-08-19 09:31:31,732 [INFO] ç»ˆç‚¹è§’åº¦ - èº¯å¹²: 4.14, é«‹: 80.83, è†: 157.56
2025-08-19 09:31:31,733 [INFO] æœ€ç»ˆè¿”å›ç»“æœ: {'start': {'trunk_score': 29, 'hip_score': 36, 'knee_score': 30, 'total_score': 95}, 'end': {'trunk_score': 25, 'hip_score': 1, 'knee_score': 27, 'total_score': 53}}
2025-08-19 09:31:31,733 [INFO] 192.168.2.100 - - [19/Aug/2025 09:31:31] "POST /analyze_pose HTTP/1.1" 200 -
2025-08-19 09:31:57,124 [INFO] æ”¶åˆ°è§†é¢‘æ–‡ä»¶: test_12.mp4, ä¿å­˜ä¸ºä¸´æ—¶æ–‡ä»¶: C:\Users\JSZN\AppData\Local\Temp\tmpjbyar8cy.mp4
2025-08-19 09:31:57,125 [INFO] å¼€å§‹å¤„ç†è§†é¢‘: C:\Users\JSZN\AppData\Local\Temp\tmpjbyar8cy.mp4
2025-08-19 09:32:19,738 [INFO] å¤„ç†äº† 259 å¸§
2025-08-19 09:32:19,745 [INFO] èµ·ç‚¹åˆ†æ•°: {'trunk_score': 29, 'hip_score': 35, 'knee_score': 30, 'total_score': 94}
2025-08-19 09:32:19,745 [INFO] ç»ˆç‚¹åˆ†æ•°: {'trunk_score': 7, 'hip_score': 39, 'knee_score': 5, 'total_score': 51}
2025-08-19 09:32:19,746 [INFO] èµ·ç‚¹è§’åº¦ - èº¯å¹²: 1.22, é«‹: 155.4, è†: 177.14
2025-08-19 09:32:19,746 [INFO] ç»ˆç‚¹è§’åº¦ - èº¯å¹²: 23.03, é«‹: 40.91, è†: 134.76
2025-08-19 09:32:19,747 [INFO] æœ€ç»ˆè¿”å›ç»“æœ: {'start': {'trunk_score': 29, 'hip_score': 35, 'knee_score': 30, 'total_score': 94}, 'end': {'trunk_score': 7, 'hip_score': 39, 'knee_score': 5, 'total_score': 51}}
2025-08-19 09:32:19,748 [INFO] 192.168.2.100 - - [19/Aug/2025 09:32:19] "POST /analyze_pose HTTP/1.1" 200 -
2025-08-19 09:33:41,121 [INFO] æ”¶åˆ°è§†é¢‘æ–‡ä»¶: test_13.mp4, ä¿å­˜ä¸ºä¸´æ—¶æ–‡ä»¶: C:\Users\JSZN\AppData\Local\Temp\tmp45i4nofu.mp4
2025-08-19 09:33:41,121 [INFO] å¼€å§‹å¤„ç†è§†é¢‘: C:\Users\JSZN\AppData\Local\Temp\tmp45i4nofu.mp4
2025-08-19 09:34:11,070 [INFO] å¤„ç†äº† 343 å¸§
2025-08-19 09:34:11,078 [INFO] èµ·ç‚¹åˆ†æ•°: {'trunk_score': 25, 'hip_score': 32, 'knee_score': 30, 'total_score': 87}
2025-08-19 09:34:11,078 [INFO] ç»ˆç‚¹åˆ†æ•°: {'trunk_score': 2, 'hip_score': 12, 'knee_score': 30, 'total_score': 44}
2025-08-19 09:34:11,079 [INFO] èµ·ç‚¹è§’åº¦ - èº¯å¹²: 4.23, é«‹: 179.95, è†: 178.98
2025-08-19 09:34:11,079 [INFO] ç»ˆç‚¹è§’åº¦ - èº¯å¹²: 28.04, é«‹: 68.42, è†: 163.48
2025-08-19 09:34:11,080 [INFO] æœ€ç»ˆè¿”å›ç»“æœ: {'start': {'trunk_score': 25, 'hip_score': 32, 'knee_score': 30, 'total_score': 87}, 'end': {'trunk_score': 2, 'hip_score': 12, 'knee_score': 30, 'total_score': 44}}
2025-08-19 09:34:11,081 [INFO] 192.168.2.100 - - [19/Aug/2025 09:34:11] "POST /analyze_pose HTTP/1.1" 200 -
2025-08-19 09:34:54,193 [INFO] æ”¶åˆ°è§†é¢‘æ–‡ä»¶: test_14.mp4, ä¿å­˜ä¸ºä¸´æ—¶æ–‡ä»¶: C:\Users\JSZN\AppData\Local\Temp\tmplf_y77it.mp4
2025-08-19 09:34:54,193 [INFO] å¼€å§‹å¤„ç†è§†é¢‘: C:\Users\JSZN\AppData\Local\Temp\tmplf_y77it.mp4
2025-08-19 09:35:07,650 [INFO] å¤„ç†äº† 154 å¸§
2025-08-19 09:35:07,658 [INFO] èµ·ç‚¹åˆ†æ•°: {'trunk_score': 26, 'hip_score': 38, 'knee_score': 30, 'total_score': 94}
2025-08-19 09:35:07,658 [INFO] ç»ˆç‚¹åˆ†æ•°: {'trunk_score': 20, 'hip_score': 30, 'knee_score': 19, 'total_score': 69}
2025-08-19 09:35:07,658 [INFO] èµ·ç‚¹è§’åº¦ - èº¯å¹²: 3.91, é«‹: 169.77, è†: 172.64
2025-08-19 09:35:07,659 [INFO] ç»ˆç‚¹è§’åº¦ - èº¯å¹²: 10.73, é«‹: 50.17, è†: 148.74
2025-08-19 09:35:07,660 [INFO] æœ€ç»ˆè¿”å›ç»“æœ: {'start': {'trunk_score': 26, 'hip_score': 38, 'knee_score': 30, 'total_score': 94}, 'end': {'trunk_score': 20, 'hip_score': 30, 'knee_score': 19, 'total_score': 69}}
2025-08-19 09:35:07,660 [INFO] 192.168.2.100 - - [19/Aug/2025 09:35:07] "POST /analyze_pose HTTP/1.1" 200 -
